# JRE version: OpenJDK Runtime Environment Corretto-17.0.9.8.1 (17.0.9+8) (build 17.0.9+8-LTS)
# Java VM: OpenJDK 64-Bit Server VM Corretto-17.0.9.8.1 (17.0.9+8-LTS, mixed mode, sharing, tiered, compressed oops, compressed class ptrs, g1 gc, windows-amd64)
GC Precious Log:
 CPUs: 4 total, 4 available
 Memory: 3929M
 Large Page Support: Disabled
 NUMA Support: Disabled
 Compressed Oops: Enabled (32-bit)
 Heap Region Size: 1M
 Heap Min Capacity: 256M
 Heap Initial Capacity: 256M
 Heap Max Capacity: 512M
 Pre-touch: Disabled
 Parallel Workers: 4
 Concurrent Workers: 1
 Concurrent Refinement Workers: 4
 Periodic GC: Disabled
Heap:
 garbage-first heap   total 262144K, used 60564K [0x00000000e0000000, 0x0000000100000000)
  region size 1024K, 30 young (30720K), 5 survivors (5120K)
 Metaspace       used 46268K, committed 46784K, reserved 393216K
  class space    used 6539K, committed 6784K, reserved 327680K
GC Heap History (16 events):
Event: 4.548 GC heap before
{Heap before GC invocations=0 (full 0):
 garbage-first heap   total 262144K, used 12288K [0x00000000e0000000, 0x0000000100000000)
  region size 1024K, 13 young (13312K), 0 survivors (0K)
 Metaspace       used 1054K, committed 1216K, reserved 393216K
  class space    used 80K, committed 128K, reserved 327680K
}
Event: 4.568 GC heap after
{Heap after GC invocations=1 (full 0):
 garbage-first heap   total 262144K, used 3793K [0x00000000e0000000, 0x0000000100000000)
  region size 1024K, 2 young (2048K), 2 survivors (2048K)
 Metaspace       used 1054K, committed 1216K, reserved 393216K
  class space    used 80K, committed 128K, reserved 327680K
}
Event: 8.291 GC heap before
{Heap before GC invocations=1 (full 0):
 garbage-first heap   total 262144K, used 23249K [0x00000000e0000000, 0x0000000100000000)
  region size 1024K, 17 young (17408K), 2 survivors (2048K)
 Metaspace       used 3855K, committed 4032K, reserved 393216K
  class space    used 483K, committed 576K, reserved 327680K
}
Event: 8.296 GC heap after
{Heap after GC invocations=2 (full 0):
 garbage-first heap   total 262144K, used 10936K [0x00000000e0000000, 0x0000000100000000)
  region size 1024K, 3 young (3072K), 3 survivors (3072K)
 Metaspace       used 3855K, committed 4032K, reserved 393216K
  class space    used 483K, committed 576K, reserved 327680K
}
Event: 10.576 GC heap before
{Heap before GC invocations=2 (full 0):
 garbage-first heap   total 262144K, used 33464K [0x00000000e0000000, 0x0000000100000000)
  region size 1024K, 25 young (25600K), 3 survivors (3072K)
 Metaspace       used 4081K, committed 4224K, reserved 393216K
  class space    used 497K, committed 576K, reserved 327680K
}
Event: 10.582 GC heap after
{Heap after GC invocations=3 (full 0):
 garbage-first heap   total 262144K, used 11541K [0x00000000e0000000, 0x0000000100000000)
  region size 1024K, 1 young (1024K), 1 survivors (1024K)
 Metaspace       used 4081K, committed 4224K, reserved 393216K
  class space    used 497K, committed 576K, reserved 327680K
}
Event: 30.243 GC heap before
{Heap before GC invocations=3 (full 0):
 garbage-first heap   total 262144K, used 128277K [0x00000000e0000000, 0x0000000100000000)
  region size 1024K, 115 young (117760K), 1 survivors (1024K)
 Metaspace       used 21237K, committed 21504K, reserved 393216K
  class space    used 3111K, committed 3264K, reserved 327680K
}
Event: 30.278 GC heap after
{Heap after GC invocations=4 (full 0):
 garbage-first heap   total 262144K, used 22752K [0x00000000e0000000, 0x0000000100000000)
  region size 1024K, 12 young (12288K), 12 survivors (12288K)
 Metaspace       used 21237K, committed 21504K, reserved 393216K
  class space    used 3111K, committed 3264K, reserved 327680K
}
Event: 51.071 GC heap before
{Heap before GC invocations=5 (full 0):
 garbage-first heap   total 262144K, used 138464K [0x00000000e0000000, 0x0000000100000000)
  region size 1024K, 121 young (123904K), 12 survivors (12288K)
 Metaspace       used 35250K, committed 35648K, reserved 393216K
  class space    used 4888K, committed 5056K, reserved 327680K
}
Event: 51.309 GC heap after
{Heap after GC invocations=6 (full 0):
 garbage-first heap   total 262144K, used 31965K [0x00000000e0000000, 0x0000000100000000)
  region size 1024K, 10 young (10240K), 10 survivors (10240K)
 Metaspace       used 35250K, committed 35648K, reserved 393216K
  class space    used 4888K, committed 5056K, reserved 327680K
}
Event: 51.931 GC heap before
{Heap before GC invocations=6 (full 0):
 garbage-first heap   total 262144K, used 34013K [0x00000000e0000000, 0x0000000100000000)
  region size 1024K, 12 young (12288K), 10 survivors (10240K)
 Metaspace       used 35394K, committed 35776K, reserved 393216K
  class space    used 4912K, committed 5120K, reserved 327680K
}
Event: 51.978 GC heap after
{Heap after GC invocations=7 (full 0):
 garbage-first heap   total 262144K, used 32725K [0x00000000e0000000, 0x0000000100000000)
  region size 1024K, 2 young (2048K), 2 survivors (2048K)
 Metaspace       used 35394K, committed 35776K, reserved 393216K
  class space    used 4912K, committed 5120K, reserved 327680K
}
Event: 52.635 GC heap before
{Heap before GC invocations=7 (full 0):
 garbage-first heap   total 262144K, used 33749K [0x00000000e0000000, 0x0000000100000000)
  region size 1024K, 4 young (4096K), 2 survivors (2048K)
 Metaspace       used 35549K, committed 35968K, reserved 393216K
  class space    used 4938K, committed 5120K, reserved 327680K
}
Event: 52.694 GC heap after
{Heap after GC invocations=8 (full 0):
 garbage-first heap   total 262144K, used 32091K [0x00000000e0000000, 0x0000000100000000)
  region size 1024K, 1 young (1024K), 1 survivors (1024K)
 Metaspace       used 35549K, committed 35968K, reserved 393216K
  class space    used 4938K, committed 5120K, reserved 327680K
}
Event: 71.703 GC heap before
{Heap before GC invocations=9 (full 0):
 garbage-first heap   total 262144K, used 125275K [0x00000000e0000000, 0x0000000100000000)
  region size 1024K, 91 young (93184K), 1 survivors (1024K)
 Metaspace       used 45561K, committed 46016K, reserved 393216K
  class space    used 6449K, committed 6656K, reserved 327680K
}
Event: 71.755 GC heap after
{Heap after GC invocations=10 (full 0):
 garbage-first heap   total 262144K, used 35988K [0x00000000e0000000, 0x0000000100000000)
  region size 1024K, 5 young (5120K), 5 survivors (5120K)
 Metaspace       used 45561K, committed 46016K, reserved 393216K
  class space    used 6449K, committed 6656K, reserved 327680K
}

